2026-04-15 14:18:10,632 - app.main - INFO - Starting News Analyzer AI...
2026-04-15 14:18:10,674 - app.main - INFO - Database tables created successfully
2026-04-15 14:20:17,262 - app.main - ERROR - Global exception: 'Session' object has no attribute 'func'
2026-04-15 14:20:18,288 - app.main - ERROR - Global exception: 'Session' object has no attribute 'func'
2026-04-15 14:20:19,707 - app.main - ERROR - Global exception: 'Session' object has no attribute 'func'
2026-04-15 14:20:20,741 - app.main - ERROR - Global exception: 'Session' object has no attribute 'func'
2026-04-15 14:20:23,647 - app.main - ERROR - Global exception: 'Session' object has no attribute 'func'
2026-04-15 14:20:24,979 - app.main - ERROR - Global exception: 'Session' object has no attribute 'func'
2026-04-15 14:23:34,220 - app.main - ERROR - Global exception: 'Session' object has no attribute 'func'
2026-04-15 14:23:35,243 - app.main - ERROR - Global exception: 'Session' object has no attribute 'func'
2026-04-15 14:31:53,437 - app.main - INFO - Starting News Analyzer AI...
2026-04-15 14:31:53,443 - app.main - INFO - Database tables created successfully
2026-04-15 14:32:04,102 - app.main - ERROR - Global exception: 'Session' object has no attribute 'func'
2026-04-15 14:32:22,212 - app.main - INFO - Shutting down News Analyzer AI...
2026-04-15 14:32:22,770 - app.main - INFO - Shutting down News Analyzer AI...
2026-04-15 14:32:36,559 - app.main - INFO - Starting News Analyzer AI...
2026-04-15 14:32:36,567 - app.main - INFO - Database tables created successfully
2026-04-15 14:32:37,166 - app.main - INFO - Starting News Analyzer AI...
2026-04-15 14:32:37,174 - app.main - INFO - Database tables created successfully
2026-04-15 14:32:37,592 - app.main - INFO - Starting News Analyzer AI...
2026-04-15 14:32:37,610 - app.main - INFO - Database tables created successfully
2026-04-15 14:32:37,632 - app.main - INFO - Starting News Analyzer AI...
2026-04-15 14:32:37,649 - app.main - INFO - Database tables created successfully
2026-04-15 14:32:37,715 - app.main - ERROR - Global exception: 'Session' object has no attribute 'func'
2026-04-15 14:32:52,725 - app.main - INFO - Shutting down News Analyzer AI...
2026-04-15 14:32:53,056 - app.main - INFO - Shutting down News Analyzer AI...
2026-04-15 14:32:53,154 - app.main - INFO - Shutting down News Analyzer AI...
2026-04-15 14:32:53,914 - app.main - INFO - Shutting down News Analyzer AI...
2026-04-15 14:33:06,803 - app.main - INFO - Starting News Analyzer AI...
2026-04-15 14:33:06,809 - app.main - INFO - Database tables created successfully
2026-04-15 14:33:06,820 - app.main - INFO - Starting News Analyzer AI...
2026-04-15 14:33:06,829 - app.main - INFO - Database tables created successfully
2026-04-15 14:33:06,951 - app.main - INFO - Starting News Analyzer AI...
2026-04-15 14:33:06,958 - app.main - INFO - Database tables created successfully
2026-04-15 14:33:07,482 - app.main - INFO - Starting News Analyzer AI...
2026-04-15 14:33:07,488 - app.main - INFO - Database tables created successfully
2026-04-15 14:38:20,930 - app.main - INFO - Starting News Analyzer AI...
2026-04-15 14:38:20,938 - app.main - INFO - Database tables created successfully
2026-04-15 14:38:33,146 - app.main - INFO - Shutting down News Analyzer AI...
2026-04-15 14:46:33,217 - app.main - INFO - Starting News Analyzer AI...
2026-04-15 14:46:33,225 - app.main - INFO - Database tables created successfully
2026-04-15 14:51:57,459 - app.main - INFO - Starting News Analyzer AI...
2026-04-15 14:51:57,479 - app.main - INFO - Database tables created successfully
2026-04-15 14:52:27,185 - app.main - INFO - Shutting down News Analyzer AI...
2026-04-15 14:52:27,799 - app.main - INFO - Shutting down News Analyzer AI...
2026-04-15 14:52:28,436 - app.main - INFO - Shutting down News Analyzer AI...
2026-04-15 14:52:28,870 - app.main - INFO - Shutting down News Analyzer AI...
2026-04-15 14:52:28,916 - app.main - INFO - Shutting down News Analyzer AI...
2026-04-15 14:52:29,208 - app.main - INFO - Shutting down News Analyzer AI...
2026-04-15 14:52:49,516 - app.main - INFO - Starting News Analyzer AI...
2026-04-15 14:52:49,539 - app.main - INFO - Starting News Analyzer AI...
2026-04-15 14:52:49,544 - app.main - INFO - Database tables created successfully
2026-04-15 14:52:49,567 - app.main - INFO - Database tables created successfully
2026-04-15 14:52:49,585 - app.main - INFO - Starting News Analyzer AI...
2026-04-15 14:52:49,611 - app.main - INFO - Database tables created successfully
2026-04-15 14:52:49,669 - app.main - INFO - Starting News Analyzer AI...
2026-04-15 14:52:49,702 - app.main - INFO - Database tables created successfully
2026-04-15 14:52:49,733 - app.main - INFO - Shutting down News Analyzer AI...
2026-04-15 14:52:49,815 - app.main - INFO - Shutting down News Analyzer AI...
2026-04-15 14:52:49,907 - app.main - INFO - Shutting down News Analyzer AI...
2026-04-15 14:52:50,128 - app.main - INFO - Shutting down News Analyzer AI...
2026-04-15 14:53:10,705 - app.main - INFO - Starting News Analyzer AI...
2026-04-15 14:53:10,708 - app.main - INFO - Starting News Analyzer AI...
2026-04-15 14:53:10,721 - app.main - INFO - Database tables created successfully
2026-04-15 14:53:10,723 - app.main - INFO - Database tables created successfully
2026-04-15 14:53:10,745 - app.main - INFO - Starting News Analyzer AI...
2026-04-15 14:53:10,746 - app.main - INFO - Starting News Analyzer AI...
2026-04-15 14:53:10,766 - app.main - INFO - Database tables created successfully
2026-04-15 14:53:10,769 - app.main - INFO - Database tables created successfully
2026-04-15 14:53:10,973 - app.main - INFO - Starting News Analyzer AI...
2026-04-15 14:53:10,980 - app.main - INFO - Database tables created successfully
2026-04-15 15:54:12,722 - app.main - INFO - Shutting down News Analyzer AI...
2026-04-15 15:58:21,616 - app.main - INFO - Starting News Analyzer AI...
2026-04-15 15:58:21,631 - app.main - INFO - Database tables created successfully
2026-04-15 16:59:43,301 - app.main - INFO - Starting News Analyzer AI...
2026-04-15 16:59:43,315 - app.main - INFO - Database tables created successfully
2026-04-15 16:59:48,778 - app.services.news_collector - INFO - Collecting news from RSS: https://feeds.bbci.co.uk/news/rss.xml
2026-04-15 17:00:26,537 - app.services.news_collector - INFO - Collected 20 articles from https://feeds.bbci.co.uk/news/rss.xml
2026-04-15 17:00:26,573 - app.services.news_collector - INFO - Saved 20 new articles to database
2026-04-15 17:00:26,574 - app.services.news_collector - INFO - Collecting news from RSS: https://rss.cnn.com/rss/edition.rss
2026-04-15 17:00:26,754 - app.services.news_collector - INFO - Collected 0 articles from https://rss.cnn.com/rss/edition.rss
2026-04-15 17:00:26,755 - app.services.news_collector - INFO - Collecting news from RSS: https://feeds.reuters.com/reuters/topNews
2026-04-15 17:00:26,822 - app.services.news_collector - INFO - Collected 0 articles from https://feeds.reuters.com/reuters/topNews
2026-04-15 17:00:27,694 - app.services.news_collector - ERROR - Error collecting from NewsAPI: 401 Client Error: Unauthorized for url: https://newsapi.org/v2/top-headlines?apiKey=your_news_api_key_here&category=general&pageSize=20&country=us
2026-04-15 17:01:05,492 - app.main - INFO - Starting News Analyzer AI...
2026-04-15 17:01:05,500 - app.main - INFO - Database tables created successfully
2026-04-15 17:37:16,358 - app.main - INFO - Shutting down News Analyzer AI...
2026-04-15 17:37:19,089 - app.main - INFO - Shutting down News Analyzer AI...
2026-04-15 17:37:49,746 - app.main - INFO - Starting News Analyzer AI...
2026-04-15 17:37:49,752 - app.main - INFO - Starting News Analyzer AI...
2026-04-15 17:37:49,753 - app.main - INFO - Database tables created successfully
2026-04-15 17:37:49,756 - app.main - INFO - Database tables created successfully
2026-04-15 17:37:49,863 - app.main - INFO - Shutting down News Analyzer AI...
2026-04-15 17:37:49,863 - app.main - INFO - Shutting down News Analyzer AI...
2026-04-15 17:37:59,879 - app.main - INFO - Starting News Analyzer AI...
2026-04-15 17:37:59,886 - app.main - INFO - Database tables created successfully
2026-04-15 17:37:59,923 - app.main - INFO - Starting News Analyzer AI...
2026-04-15 17:38:00,015 - app.main - INFO - Database tables created successfully
2026-04-15 17:38:16,277 - app.main - INFO - Shutting down News Analyzer AI...
2026-04-15 17:38:16,277 - app.main - INFO - Shutting down News Analyzer AI...
2026-04-15 17:38:30,160 - app.main - INFO - Starting News Analyzer AI...
2026-04-15 17:38:30,164 - app.main - INFO - Starting News Analyzer AI...
2026-04-15 17:38:30,168 - app.main - INFO - Database tables created successfully
2026-04-15 17:38:30,171 - app.main - INFO - Database tables created successfully
2026-04-15 17:38:32,320 - app.main - INFO - Shutting down News Analyzer AI...
2026-04-15 17:38:32,320 - app.main - INFO - Shutting down News Analyzer AI...
2026-04-15 17:38:54,367 - app.main - INFO - Starting News Analyzer AI...
2026-04-15 17:38:54,373 - app.main - INFO - Database tables created successfully
2026-04-15 17:38:54,373 - app.main - INFO - Starting News Analyzer AI...
2026-04-15 17:38:54,378 - app.main - INFO - Database tables created successfully
2026-04-15 17:38:56,098 - app.main - INFO - Shutting down News Analyzer AI...
2026-04-15 17:38:56,214 - app.main - INFO - Shutting down News Analyzer AI...
2026-04-15 17:39:05,175 - app.main - INFO - Starting News Analyzer AI...
2026-04-15 17:39:05,181 - app.main - INFO - Database tables created successfully
2026-04-15 17:39:05,204 - app.main - INFO - Starting News Analyzer AI...
2026-04-15 17:39:05,209 - app.main - INFO - Database tables created successfully
2026-04-15 17:39:05,489 - app.services.summarizer - ERROR - Error summarizing article: 
**********************************************************************
  Resource 'punkt_tab' not found.
  Please use the NLTK Downloader to obtain the resource:

  >>> import nltk
  >>> nltk.download('punkt_tab')

  For more information see: https://www.nltk.org/data.html

  Attempted to load 'tokenizers/punkt_tab/english/'

  Searched in:
    - 'C:\\Users\\dhill/nltk_data'
    - 'C:\\Python314\\nltk_data'
    - 'C:\\Python314\\share\\nltk_data'
    - 'C:\\Python314\\lib\\nltk_data'
    - 'C:\\Users\\dhill\\AppData\\Roaming\\nltk_data'
    - 'C:\\nltk_data'
    - 'D:\\nltk_data'
    - 'E:\\nltk_data'
**********************************************************************

2026-04-15 17:39:05,509 - app.services.summarizer - ERROR - Error extracting key points: 
**********************************************************************
  Resource 'punkt_tab' not found.
  Please use the NLTK Downloader to obtain the resource:

  >>> import nltk
  >>> nltk.download('punkt_tab')

  For more information see: https://www.nltk.org/data.html

  Attempted to load 'tokenizers/punkt_tab/english/'

  Searched in:
    - 'C:\\Users\\dhill/nltk_data'
    - 'C:\\Python314\\nltk_data'
    - 'C:\\Python314\\share\\nltk_data'
    - 'C:\\Python314\\lib\\nltk_data'
    - 'C:\\Users\\dhill\\AppData\\Roaming\\nltk_data'
    - 'C:\\nltk_data'
    - 'D:\\nltk_data'
    - 'E:\\nltk_data'
**********************************************************************

2026-04-15 17:39:27,616 - app.main - INFO - Shutting down News Analyzer AI...
2026-04-15 17:39:27,617 - app.main - INFO - Shutting down News Analyzer AI...
